<?xml version="1.0" encoding="UTF-8"?>
<testsuite xmlns:xsi="http://www.w3.org/2001/XMLSchema-instance" xsi:noNamespaceSchemaLocation="https://maven.apache.org/surefire/maven-surefire-plugin/xsd/surefire-test-report.xsd" name="tm.itbachelors.projecttclassiccars.PersonTests" time="0.261" tests="1" errors="1" skipped="0" failures="0">
  <properties>
[...]
</properties>
  <testcase name="tm.itbachelors.projecttclassiccars.PersonTests" classname="tm.itbachelors.projecttclassiccars.PersonTests" time="0.26">
    <error message="Failed to read candidate component class: file [C:\Scripts\project Classic Cars\target\test-classes\tm\itbachelors\projecttclassiccars\CarTests.class]; nested exception is org.springframework.core.NestedIOException: ASM ClassReader failed to parse class file - probably due to a new Java class file version that isn&apos;t supported yet: file [C:\Scripts\project Classic Cars\target\test-classes\tm\itbachelors\projecttclassiccars\CarTests.class]; nested exception is java.lang.IllegalArgumentException: Unsupported class file major version 61" type="org.springframework.beans.factory.BeanDefinitionStoreException">org.springframework.beans.factory.BeanDefinitionStoreException: Failed to read candidate component class: file [C:\Scripts\project Classic Cars\target\test-classes\tm\itbachelors\projecttclassiccars\CarTests.class]; nested exception is org.springframework.core.NestedIOException: ASM ClassReader failed to parse class file - probably due to a new Java class file version that isn't supported yet: file [C:\Scripts\project Classic Cars\target\test-classes\tm\itbachelors\projecttclassiccars\CarTests.class]; nested exception is java.lang.IllegalArgumentException: Unsupported class file major version 61
Caused by: org.springframework.core.NestedIOException: ASM ClassReader failed to parse class file - probably due to a new Java class file version that isn't supported yet: file [C:\Scripts\project Classic Cars\target\test-classes\tm\itbachelors\projecttclassiccars\CarTests.class]; nested exception is java.lang.IllegalArgumentException: Unsupported class file major version 61
Caused by: java.lang.IllegalArgumentException: Unsupported class file major version 61
</error>
    <system-out><![CDATA[14:14:20.459 [main] DEBUG org.springframework.test.context.BootstrapUtils - Instantiating CacheAwareContextLoaderDelegate from class [org.springframework.test.context.cache.DefaultCacheAwareContextLoaderDelegate]
14:14:20.483 [main] DEBUG org.springframework.test.context.BootstrapUtils - Instantiating BootstrapContext using constructor [public org.springframework.test.context.support.DefaultBootstrapContext(java.lang.Class,org.springframework.test.context.CacheAwareContextLoaderDelegate)]
14:14:20.524 [main] DEBUG org.springframework.test.context.BootstrapUtils - Instantiating TestContextBootstrapper for test class [tm.itbachelors.projecttclassiccars.PersonTests] from class [org.springframework.boot.test.context.SpringBootTestContextBootstrapper]
14:14:20.536 [main] INFO org.springframework.boot.test.context.SpringBootTestContextBootstrapper - Neither @ContextConfiguration nor @ContextHierarchy found for test class [tm.itbachelors.projecttclassiccars.PersonTests], using SpringBootContextLoader
14:14:20.540 [main] DEBUG org.springframework.test.context.support.AbstractContextLoader - Did not detect default resource location for test class [tm.itbachelors.projecttclassiccars.PersonTests]: class path resource [tm/itbachelors/projecttclassiccars/PersonTests-context.xml] does not exist
14:14:20.540 [main] DEBUG org.springframework.test.context.support.AbstractContextLoader - Did not detect default resource location for test class [tm.itbachelors.projecttclassiccars.PersonTests]: class path resource [tm/itbachelors/projecttclassiccars/PersonTestsContext.groovy] does not exist
14:14:20.540 [main] INFO org.springframework.test.context.support.AbstractContextLoader - Could not detect default resource locations for test class [tm.itbachelors.projecttclassiccars.PersonTests]: no resource found for suffixes {-context.xml, Context.groovy}.
14:14:20.541 [main] INFO org.springframework.test.context.support.AnnotationConfigContextLoaderUtils - Could not detect default configuration classes for test class [tm.itbachelors.projecttclassiccars.PersonTests]: PersonTests does not declare any static, non-private, non-final, nested classes annotated with @Configuration.
14:14:20.587 [main] DEBUG org.springframework.test.context.support.ActiveProfilesUtils - Could not find an 'annotation declaring class' for annotation type [org.springframework.test.context.ActiveProfiles] and class [tm.itbachelors.projecttclassiccars.PersonTests]
14:14:20.617 [main] DEBUG org.springframework.test.context.BootstrapUtils - Instantiating CacheAwareContextLoaderDelegate from class [org.springframework.test.context.cache.DefaultCacheAwareContextLoaderDelegate]
14:14:20.618 [main] DEBUG org.springframework.test.context.BootstrapUtils - Instantiating BootstrapContext using constructor [public org.springframework.test.context.support.DefaultBootstrapContext(java.lang.Class,org.springframework.test.context.CacheAwareContextLoaderDelegate)]
14:14:20.619 [main] DEBUG org.springframework.test.context.BootstrapUtils - Instantiating TestContextBootstrapper for test class [tm.itbachelors.projecttclassiccars.PersonTests] from class [org.springframework.boot.test.context.SpringBootTestContextBootstrapper]
14:14:20.619 [main] INFO org.springframework.boot.test.context.SpringBootTestContextBootstrapper - Neither @ContextConfiguration nor @ContextHierarchy found for test class [tm.itbachelors.projecttclassiccars.PersonTests], using SpringBootContextLoader
14:14:20.619 [main] DEBUG org.springframework.test.context.support.AbstractContextLoader - Did not detect default resource location for test class [tm.itbachelors.projecttclassiccars.PersonTests]: class path resource [tm/itbachelors/projecttclassiccars/PersonTests-context.xml] does not exist
14:14:20.620 [main] DEBUG org.springframework.test.context.support.AbstractContextLoader - Did not detect default resource location for test class [tm.itbachelors.projecttclassiccars.PersonTests]: class path resource [tm/itbachelors/projecttclassiccars/PersonTestsContext.groovy] does not exist
14:14:20.620 [main] INFO org.springframework.test.context.support.AbstractContextLoader - Could not detect default resource locations for test class [tm.itbachelors.projecttclassiccars.PersonTests]: no resource found for suffixes {-context.xml, Context.groovy}.
14:14:20.620 [main] INFO org.springframework.test.context.support.AnnotationConfigContextLoaderUtils - Could not detect default configuration classes for test class [tm.itbachelors.projecttclassiccars.PersonTests]: PersonTests does not declare any static, non-private, non-final, nested classes annotated with @Configuration.
14:14:20.623 [main] DEBUG org.springframework.test.context.support.ActiveProfilesUtils - Could not find an 'annotation declaring class' for annotation type [org.springframework.test.context.ActiveProfiles] and class [tm.itbachelors.projecttclassiccars.PersonTests]
14:14:20.626 [main] DEBUG org.springframework.test.context.BootstrapUtils - Instantiating CacheAwareContextLoaderDelegate from class [org.springframework.test.context.cache.DefaultCacheAwareContextLoaderDelegate]
14:14:20.627 [main] DEBUG org.springframework.test.context.BootstrapUtils - Instantiating BootstrapContext using constructor [public org.springframework.test.context.support.DefaultBootstrapContext(java.lang.Class,org.springframework.test.context.CacheAwareContextLoaderDelegate)]
14:14:20.627 [main] DEBUG org.springframework.test.context.BootstrapUtils - Instantiating TestContextBootstrapper for test class [tm.itbachelors.projecttclassiccars.PersonTests] from class [org.springframework.boot.test.context.SpringBootTestContextBootstrapper]
14:14:20.628 [main] INFO org.springframework.boot.test.context.SpringBootTestContextBootstrapper - Neither @ContextConfiguration nor @ContextHierarchy found for test class [tm.itbachelors.projecttclassiccars.PersonTests], using SpringBootContextLoader
14:14:20.628 [main] DEBUG org.springframework.test.context.support.AbstractContextLoader - Did not detect default resource location for test class [tm.itbachelors.projecttclassiccars.PersonTests]: class path resource [tm/itbachelors/projecttclassiccars/PersonTests-context.xml] does not exist
14:14:20.629 [main] DEBUG org.springframework.test.context.support.AbstractContextLoader - Did not detect default resource location for test class [tm.itbachelors.projecttclassiccars.PersonTests]: class path resource [tm/itbachelors/projecttclassiccars/PersonTestsContext.groovy] does not exist
14:14:20.629 [main] INFO org.springframework.test.context.support.AbstractContextLoader - Could not detect default resource locations for test class [tm.itbachelors.projecttclassiccars.PersonTests]: no resource found for suffixes {-context.xml, Context.groovy}.
14:14:20.629 [main] INFO org.springframework.test.context.support.AnnotationConfigContextLoaderUtils - Could not detect default configuration classes for test class [tm.itbachelors.projecttclassiccars.PersonTests]: PersonTests does not declare any static, non-private, non-final, nested classes annotated with @Configuration.
14:14:20.631 [main] DEBUG org.springframework.test.context.support.ActiveProfilesUtils - Could not find an 'annotation declaring class' for annotation type [org.springframework.test.context.ActiveProfiles] and class [tm.itbachelors.projecttclassiccars.PersonTests]
]]></system-out>
  </testcase>
</testsuite>